已經開始建置於 12/11/2017 18:52:12。
     1>節點 2 (Build 目標) 上的專案 "C:\Users\i8\Desktop\106360207_曹嘉祐\p28\P28\P28\P28.vcxproj"。
     1>Link:
         E:\C#\VC\bin\link.exe /ERRORREPORT:PROMPT /OUT:"C:\Users\i8\Desktop\106360207_曹嘉祐\p28\P28\Debug\P28.exe" /INCREMENTAL /NOLOGO kernel32.lib user32.lib gdi32.lib winspool.lib comdlg32.lib advapi32.lib shell32.lib ole32.lib oleaut32.lib uuid.lib odbc32.lib odbccp32.lib /MANIFEST /MANIFESTUAC:"level='asInvoker' uiAccess='false'" /manifest:embed /DEBUG /PDB:"C:\Users\i8\Desktop\106360207_曹嘉祐\p28\P28\Debug\P28.pdb" /TLBID:1 /DYNAMICBASE /NXCOMPAT /IMPLIB:"C:\Users\i8\Desktop\106360207_曹嘉祐\p28\P28\Debug\P28.lib" /MACHINE:X86 Debug\Source.obj
     1>Source.obj : error LNK2019: 無法解析的外部符號 "void __cdecl modifyArray(int * const,int)" (?modifyArray@@YAXQAHH@Z) 在函式 _main 中被參考
     1>Source.obj : error LNK2019: 無法解析的外部符號 "void __cdecl modifyElement(int)" (?modifyElement@@YAXH@Z) 在函式 _main 中被參考
     1>C:\Users\i8\Desktop\106360207_曹嘉祐\p28\P28\Debug\P28.exe : fatal error LNK1120: 2 個無法解析的外部符號
     1>專案 "C:\Users\i8\Desktop\106360207_曹嘉祐\p28\P28\P28\P28.vcxproj" (Build 目標) 建置完成 -- 失敗。

建置失敗。

經過時間 00:00:00.58
